<?xml version="1.0" encoding="UTF-8"?>
<!-- Generated by org.testng.reporters.JUnitXMLReporter -->
<testsuite hostname="MININT-L8NOK5S" ignored="0" name="Test" tests="1" failures="0" timestamp="07 jul 2017 13:23:42 GMT" time="185.837" errors="0">
  <testcase name="@AfterTest CleanUpAppium" time="0.883" classname="com.accenture.redsocial.test_facebook">
    <failure type="org.openqa.selenium.WebDriverException" message="An unknown server-side error occurred while processing the command. Original error: No device connected, cannot run adb shell command &amp;apos;input keyevent 3&amp;apos; (WARNING: The server did not provide any stacktrace information)
Command duration or timeout: 872 milliseconds
Build info: version: &amp;apos;unknown&amp;apos;, revision: &amp;apos;1969d75&amp;apos;, time: &amp;apos;2016-10-18 09:43:45 -0700&amp;apos;
System info: host: &amp;apos;MININT-L8NOK5S&amp;apos;, ip: &amp;apos;192.168.43.223&amp;apos;, os.name: &amp;apos;Windows 10&amp;apos;, os.arch: &amp;apos;amd64&amp;apos;, os.version: &amp;apos;10.0&amp;apos;, java.version: &amp;apos;1.8.0_131&amp;apos;
Driver info: io.appium.java_client.android.AndroidDriver
Capabilities [{appPackage=com.facebook.katana, deviceScreenSize=1080x1920, networkConnectionEnabled=true, warnings={}, autoDismissAlerts=true, databaseEnabled=false, deviceName=46X4C16A19006995, platform=LINUX, deviceUDID=46X4C16A19006995, appActivity=com.facebook.katana.LoginActivity, desired={appPackage=com.facebook.katana, appActivity=com.facebook.katana.LoginActivity, platformVersion=6.0, autoDismissAlerts=true, udid=46X4C16A19006995, platformName=Android, deviceName=Name}, platformVersion=7.0, webStorageEnabled=false, locationContextEnabled=false, takesScreenshot=true, javascriptEnabled=true, deviceModel=HUAWEI VNS-L23, udid=46X4C16A19006995, platformName=Android, deviceManufacturer=HUAWEI}]
Session ID: 172a8ccc-032e-4603-b491-9243a47e25a8">
      <![CDATA[org.openqa.selenium.WebDriverException: An unknown server-side error occurred while processing the command. Original error: No device connected, cannot run adb shell command 'input keyevent 3' (WARNING: The server did not provide any stacktrace information)
Command duration or timeout: 872 milliseconds
Build info: version: 'unknown', revision: '1969d75', time: '2016-10-18 09:43:45 -0700'
System info: host: 'MININT-L8NOK5S', ip: '192.168.43.223', os.name: 'Windows 10', os.arch: 'amd64', os.version: '10.0', java.version: '1.8.0_131'
Driver info: io.appium.java_client.android.AndroidDriver
Capabilities [{appPackage=com.facebook.katana, deviceScreenSize=1080x1920, networkConnectionEnabled=true, warnings={}, autoDismissAlerts=true, databaseEnabled=false, deviceName=46X4C16A19006995, platform=LINUX, deviceUDID=46X4C16A19006995, appActivity=com.facebook.katana.LoginActivity, desired={appPackage=com.facebook.katana, appActivity=com.facebook.katana.LoginActivity, platformVersion=6.0, autoDismissAlerts=true, udid=46X4C16A19006995, platformName=Android, deviceName=Name}, platformVersion=7.0, webStorageEnabled=false, locationContextEnabled=false, takesScreenshot=true, javascriptEnabled=true, deviceModel=HUAWEI VNS-L23, udid=46X4C16A19006995, platformName=Android, deviceManufacturer=HUAWEI}]
Session ID: 172a8ccc-032e-4603-b491-9243a47e25a8
	at org.openqa.selenium.remote.ErrorHandler.createThrowable(ErrorHandler.java:216)
	at org.openqa.selenium.remote.ErrorHandler.throwIfResponseFailed(ErrorHandler.java:168)
	at org.openqa.selenium.remote.RemoteWebDriver.execute(RemoteWebDriver.java:635)
	at io.appium.java_client.DefaultGenericMobileDriver.execute(DefaultGenericMobileDriver.java:40)
	at io.appium.java_client.AppiumDriver.execute(AppiumDriver.java:235)
	at org.openqa.selenium.remote.RemoteWebDriver.quit(RemoteWebDriver.java:497)
	at com.accenture.redsocial.test_facebook.CleanUpAppium(test_facebook.java:73)
... Removed 27 stack frames]]>
    </failure>
  </testcase> <!-- @AfterTest CleanUpAppium -->
  <testcase name="mytest" time="165.003" classname="com.accenture.redsocial.test_facebook"/>
</testsuite> <!-- Test -->
