<?xml version="1.0" encoding="UTF-8"?>
<testng-results skipped="0" failed="0" ignored="0" total="1" passed="1">
  <reporter-output>
  </reporter-output>
  <suite name="Default suite" duration-ms="452459" started-at="2017-07-07T20:07:06Z" finished-at="2017-07-07T20:14:39Z">
    <groups>
    </groups>
    <test name="Default test" duration-ms="452459" started-at="2017-07-07T20:07:06Z" finished-at="2017-07-07T20:14:39Z">
      <class name="com.accenture.redsocial.test_facebook">
        <test-method status="PASS" signature="setUpAppium()[pri:0, instance:com.accenture.redsocial.test_facebook@3c0f93f1]" name="setUpAppium" is-config="true" duration-ms="16119" started-at="2017-07-07T15:07:06Z" finished-at="2017-07-07T15:07:22Z">
          <reporter-output>
          </reporter-output>
        </test-method> <!-- setUpAppium -->
        <test-method status="PASS" signature="mytest()[pri:0, instance:com.accenture.redsocial.test_facebook@3c0f93f1]" name="mytest" duration-ms="432728" started-at="2017-07-07T15:07:22Z" finished-at="2017-07-07T15:14:35Z">
          <reporter-output>
          </reporter-output>
        </test-method> <!-- mytest -->
        <test-method status="PASS" signature="CleanUpAppium()[pri:0, instance:com.accenture.redsocial.test_facebook@3c0f93f1]" name="CleanUpAppium" is-config="true" duration-ms="3573" started-at="2017-07-07T15:14:35Z" finished-at="2017-07-07T15:14:39Z">
          <reporter-output>
          </reporter-output>
        </test-method> <!-- CleanUpAppium -->
      </class> <!-- com.accenture.redsocial.test_facebook -->
    </test> <!-- Default test -->
  </suite> <!-- Default suite -->
</testng-results>
